0 info it worked if it ends with ok
1 verbose cli [ '/usr/bin/nodejs', '/usr/bin/npm', 'run', 'gulp' ]
2 info using npm@3.3.12
3 info using node@v5.3.0
4 verbose run-script [ 'pregulp', 'gulp', 'postgulp' ]
5 info lifecycle requirejs@1.0.0~pregulp: requirejs@1.0.0
6 silly lifecycle requirejs@1.0.0~pregulp: no script for pregulp, continuing
7 info lifecycle requirejs@1.0.0~gulp: requirejs@1.0.0
8 verbose lifecycle requirejs@1.0.0~gulp: unsafe-perm in lifecycle true
9 verbose lifecycle requirejs@1.0.0~gulp: PATH: /usr/lib/node_modules/npm/bin/node-gyp-bin:/home/vera/js/requirejs/node_modules/.bin::/bin:/home/vera/bin:/usr/local/bin:/usr/bin:/bin:/usr/local/games:/usr/games
10 verbose lifecycle requirejs@1.0.0~gulp: CWD: /home/vera/js/requirejs
11 silly lifecycle requirejs@1.0.0~gulp: Args: [ '-c', 'gulp' ]
12 silly lifecycle requirejs@1.0.0~gulp: Returned: code: 1  signal: null
13 info lifecycle requirejs@1.0.0~gulp: Failed to exec gulp script
14 verbose stack Error: requirejs@1.0.0 gulp: `gulp`
14 verbose stack Exit status 1
14 verbose stack     at EventEmitter.<anonymous> (/usr/lib/node_modules/npm/lib/utils/lifecycle.js:232:16)
14 verbose stack     at emitTwo (events.js:87:13)
14 verbose stack     at EventEmitter.emit (events.js:172:7)
14 verbose stack     at ChildProcess.<anonymous> (/usr/lib/node_modules/npm/lib/utils/spawn.js:24:14)
14 verbose stack     at emitTwo (events.js:87:13)
14 verbose stack     at ChildProcess.emit (events.js:172:7)
14 verbose stack     at maybeClose (internal/child_process.js:818:16)
14 verbose stack     at Process.ChildProcess._handle.onexit (internal/child_process.js:211:5)
15 verbose pkgid requirejs@1.0.0
16 verbose cwd /home/vera/js/requirejs
17 error Linux 3.16.0-4-amd64
18 error argv "/usr/bin/nodejs" "/usr/bin/npm" "run" "gulp"
19 error node v5.3.0
20 error npm  v3.3.12
21 error code ELIFECYCLE
22 error requirejs@1.0.0 gulp: `gulp`
22 error Exit status 1
23 error Failed at the requirejs@1.0.0 gulp script 'gulp'.
23 error Make sure you have the latest version of node.js and npm installed.
23 error If you do, this is most likely a problem with the requirejs package,
23 error not with npm itself.
23 error Tell the author that this fails on your system:
23 error     gulp
23 error You can get their info via:
23 error     npm owner ls requirejs
23 error There is likely additional logging output above.
24 verbose exit [ 1, true ]
